<?xml version="1.0" encoding="UTF-8"?>
<!-- Generated by org.testng.reporters.JUnitXMLReporter -->
<testsuite ignored="0" hostname="LAPTOP-C2IN588P" failures="1" tests="3" name="Test" time="0.159" errors="0" timestamp="2025-03-10T21:06:42 IST">
  <testcase classname="demo.TestCase" name="TestOne" time="0.013"/>
  <testcase classname="demo.TestCase" name="TestTwo" time="0.02">
    <failure type="java.lang.AssertionError" message="expected [false] but found [true]">
      <![CDATA[java.lang.AssertionError: expected [false] but found [true]
at demo.TestCase.TestTwo(TestCase.java:18)
at java.base/java.util.ArrayList.forEach(ArrayList.java:1511)
... Removed 31 stack frames]]>
    </failure>
  </testcase> <!-- TestTwo -->
  <testcase classname="demo.TestCase" name="Testthree" time="0.0">
    <skipped/>
  </testcase> <!-- Testthree -->
</testsuite> <!-- Test -->
