<?xml version="1.0" encoding="UTF-8"?>
<testng-results ignored="0" total="1" passed="1" failed="0" skipped="0">
  <reporter-output>
  </reporter-output>
  <suite started-at="2025-03-03T20:30:06 IST" name="Default suite" finished-at="2025-03-03T20:30:08 IST" duration-ms="2619">
    <groups>
    </groups>
    <test started-at="2025-03-03T20:30:06 IST" name="Default test" finished-at="2025-03-03T20:30:08 IST" duration-ms="2619">
      <class name="apitesting.ApiTest">
        <test-method is-config="true" signature="SetUp()[pri:0, instance:apitesting.ApiTest@68c9133c]" started-at="2025-03-03T20:30:06 IST" name="SetUp" finished-at="2025-03-03T20:30:06 IST" duration-ms="454" status="PASS">
          <reporter-output>
          </reporter-output>
        </test-method> <!-- SetUp -->
        <test-method signature="getUsers()[pri:0, instance:apitesting.ApiTest@68c9133c]" started-at="2025-03-03T20:30:06 IST" name="getUsers" finished-at="2025-03-03T20:30:08 IST" duration-ms="2085" status="PASS">
          <reporter-output>
          </reporter-output>
        </test-method> <!-- getUsers -->
      </class> <!-- apitesting.ApiTest -->
    </test> <!-- Default test -->
  </suite> <!-- Default suite -->
</testng-results>
